<?xml version="1.0" encoding="UTF-8"?>
<testng-results ignored="0" total="2" passed="2" failed="0" skipped="0">
  <reporter-output>
  </reporter-output>
  <suite started-at="2024-10-22T10:16:03 IST" name="Default suite" finished-at="2024-10-22T10:16:03 IST" duration-ms="104">
    <groups>
    </groups>
    <test started-at="2024-10-22T10:16:03 IST" name="Default test" finished-at="2024-10-22T10:16:03 IST" duration-ms="104">
      <class name="thirdtesting.testnewgen">
        <test-method signature="login()[pri:1, instance:thirdtesting.testnewgen@636be97c]" started-at="2024-10-22T10:16:03 IST" name="login" finished-at="2024-10-22T10:16:03 IST" duration-ms="22" status="PASS">
          <reporter-output>
          </reporter-output>
        </test-method> <!-- login -->
        <test-method signature="openapp()[pri:3, instance:thirdtesting.testnewgen@636be97c]" started-at="2024-10-22T10:16:03 IST" name="openapp" finished-at="2024-10-22T10:16:03 IST" duration-ms="5" status="PASS">
          <reporter-output>
          </reporter-output>
        </test-method> <!-- openapp -->
      </class> <!-- thirdtesting.testnewgen -->
    </test> <!-- Default test -->
  </suite> <!-- Default suite -->
</testng-results>
